<?xml version="1.0" encoding="UTF-8"?>
<!-- Generated by org.testng.reporters.JUnitXMLReporter -->
<testsuite hostname="BDC6-DX-6C5FNK2" ignored="0" name="Default test" tests="3" failures="0" timestamp="06 Nov 2019 04:59:09 GMT" time="34.075" errors="0">
  <testcase name="registeruser" time="14.269" classname="TestNG.Newtours_withdataprovider"/>
  <testcase name="registeruser" time="9.868" classname="TestNG.Newtours_withdataprovider"/>
  <testcase name="registeruser" time="9.87" classname="TestNG.Newtours_withdataprovider"/>
</testsuite> <!-- Default test -->
